<?xml version="1.0" encoding="UTF-8"?>
<testng-results ignored="0" total="3" passed="3" failed="0" skipped="0">
  <reporter-output>
    <line>
      <![CDATA[<img src='file://D:\Bootcamp\1ListCucumberTest\test-output20220624_150514.png'height="450" width="1017"/>]]>
    </line>
    <line>
      <![CDATA[<img src='file://D:\Bootcamp\1ListCucumberTest\test-output20220624_150543.png'height="450" width="1017"/>]]>
    </line>
    <line>
      <![CDATA[<img src='file://D:\Bootcamp\1ListCucumberTest\test-output20220624_150611.png'height="450" width="1017"/>]]>
    </line>
  </reporter-output>
  <suite started-at="2022-06-24T15:04:55 ICT" name="Default suite" finished-at="2022-06-24T15:06:23 ICT" duration-ms="87740">
    <groups>
      <group name="cucumber">
        <method signature="AbstractTestNGCucumberTests.runScenario(io.cucumber.testng.PickleWrapper,io.cucumber.testng.FeatureWrapper)[pri:0, instance:com.nexsoft.runner.NewListRunner@305ffe9e]" name="runScenario" class="io.cucumber.testng.AbstractTestNGCucumberTests"/>
      </group> <!-- cucumber -->
    </groups>
    <test started-at="2022-06-24T15:04:55 ICT" name="Default test" finished-at="2022-06-24T15:06:23 ICT" duration-ms="87740">
      <class name="com.nexsoft.runner.NewListRunner">
        <test-method is-config="true" signature="setUpClass(org.testng.ITestContext)[pri:0, instance:com.nexsoft.runner.NewListRunner@305ffe9e]" started-at="2022-06-24T15:04:56 ICT" name="setUpClass" finished-at="2022-06-24T15:04:56 ICT" duration-ms="527" status="PASS">
          <params>
            <param index="0">
              <value>
                <![CDATA[org.testng.TestRunner@4c51077d]]>
              </value>
            </param>
          </params>
          <reporter-output>
          </reporter-output>
        </test-method> <!-- setUpClass -->
        <test-method signature="runScenario(io.cucumber.testng.PickleWrapper,io.cucumber.testng.FeatureWrapper)[pri:0, instance:com.nexsoft.runner.NewListRunner@305ffe9e]" started-at="2022-06-24T15:04:56 ICT" name="runScenario" description="Runs Cucumber Scenarios" data-provider="scenarios" finished-at="2022-06-24T15:05:28 ICT" duration-ms="32049" status="PASS">
          <params>
            <param index="0">
              <value>
                <![CDATA["Add New List (Item combination)"]]>
              </value>
            </param>
            <param index="1">
              <value>
                <![CDATA["Create new List"]]>
              </value>
            </param>
          </params>
          <reporter-output>
            <line>
              <![CDATA[<img src='file://D:\Bootcamp\1ListCucumberTest\test-output20220624_150514.png'height="450" width="1017"/>]]>
            </line>
          </reporter-output>
        </test-method> <!-- runScenario -->
        <test-method signature="runScenario(io.cucumber.testng.PickleWrapper,io.cucumber.testng.FeatureWrapper)[pri:0, instance:com.nexsoft.runner.NewListRunner@305ffe9e]" started-at="2022-06-24T15:05:28 ICT" name="runScenario" description="Runs Cucumber Scenarios" data-provider="scenarios" finished-at="2022-06-24T15:05:56 ICT" duration-ms="27964" status="PASS">
          <params>
            <param index="0">
              <value>
                <![CDATA["Add New List (Item combination)"]]>
              </value>
            </param>
            <param index="1">
              <value>
                <![CDATA["Create new List"]]>
              </value>
            </param>
          </params>
          <reporter-output>
            <line>
              <![CDATA[<img src='file://D:\Bootcamp\1ListCucumberTest\test-output20220624_150543.png'height="450" width="1017"/>]]>
            </line>
          </reporter-output>
        </test-method> <!-- runScenario -->
        <test-method signature="runScenario(io.cucumber.testng.PickleWrapper,io.cucumber.testng.FeatureWrapper)[pri:0, instance:com.nexsoft.runner.NewListRunner@305ffe9e]" started-at="2022-06-24T15:05:56 ICT" name="runScenario" description="Runs Cucumber Scenarios" data-provider="scenarios" finished-at="2022-06-24T15:06:23 ICT" duration-ms="27076" status="PASS">
          <params>
            <param index="0">
              <value>
                <![CDATA["Add New List (Item combination)"]]>
              </value>
            </param>
            <param index="1">
              <value>
                <![CDATA["Create new List"]]>
              </value>
            </param>
          </params>
          <reporter-output>
            <line>
              <![CDATA[<img src='file://D:\Bootcamp\1ListCucumberTest\test-output20220624_150611.png'height="450" width="1017"/>]]>
            </line>
          </reporter-output>
        </test-method> <!-- runScenario -->
        <test-method is-config="true" signature="tearDownClass()[pri:0, instance:com.nexsoft.runner.NewListRunner@305ffe9e]" started-at="2022-06-24T15:06:23 ICT" name="tearDownClass" finished-at="2022-06-24T15:06:23 ICT" duration-ms="14" status="PASS">
          <reporter-output>
          </reporter-output>
        </test-method> <!-- tearDownClass -->
      </class> <!-- com.nexsoft.runner.NewListRunner -->
    </test> <!-- Default test -->
  </suite> <!-- Default suite -->
</testng-results>
